<?xml version="1.0" encoding="UTF-8"?>
<testng-results ignored="0" total="10" passed="10" failed="0" skipped="0">
  <reporter-output>
  </reporter-output>
  <suite started-at="2026-09-07T12:44:27 IST" name="Default suite" finished-at="2026-09-07T12:45:03 IST" duration-ms="35449">
    <groups>
    </groups>
    <test started-at="2026-09-07T12:44:27 IST" name="Default test" finished-at="2026-09-07T12:45:03 IST" duration-ms="35449">
      <class name="CICDJenkinsAllure.JenkinsTestClass">
        <test-method signature="ChromeBrowserTest()[pri:1, instance:CICDJenkinsAllure.JenkinsTestClass@3e8c3cb]" started-at="2026-09-07T12:44:27 IST" name="ChromeBrowserTest" finished-at="2026-09-07T12:44:31 IST" duration-ms="3931" status="PASS">
          <reporter-output>
          </reporter-output>
        </test-method> <!-- ChromeBrowserTest -->
        <test-method signature="SafariBrowserTest()[pri:2, instance:CICDJenkinsAllure.JenkinsTestClass@3e8c3cb]" started-at="2026-09-07T12:44:31 IST" name="SafariBrowserTest" finished-at="2026-09-07T12:44:34 IST" duration-ms="2297" status="PASS">
          <reporter-output>
          </reporter-output>
        </test-method> <!-- SafariBrowserTest -->
        <test-method signature="EdgeBrowserTest()[pri:3, instance:CICDJenkinsAllure.JenkinsTestClass@3e8c3cb]" started-at="2026-09-07T12:44:34 IST" name="EdgeBrowserTest" finished-at="2026-09-07T12:44:37 IST" duration-ms="3256" status="PASS">
          <reporter-output>
          </reporter-output>
        </test-method> <!-- EdgeBrowserTest -->
        <test-method signature="ChromeBrowserTest2()[pri:4, instance:CICDJenkinsAllure.JenkinsTestClass@3e8c3cb]" started-at="2026-09-07T12:44:37 IST" name="ChromeBrowserTest2" finished-at="2026-09-07T12:44:39 IST" duration-ms="1925" status="PASS">
          <reporter-output>
          </reporter-output>
        </test-method> <!-- ChromeBrowserTest2 -->
        <test-method signature="SafariBrowserTest2()[pri:5, instance:CICDJenkinsAllure.JenkinsTestClass@3e8c3cb]" started-at="2026-09-07T12:44:39 IST" name="SafariBrowserTest2" finished-at="2026-09-07T12:44:41 IST" duration-ms="1991" status="PASS">
          <reporter-output>
          </reporter-output>
        </test-method> <!-- SafariBrowserTest2 -->
        <test-method signature="EdgeBrowserTest2()[pri:6, instance:CICDJenkinsAllure.JenkinsTestClass@3e8c3cb]" started-at="2026-09-07T12:44:41 IST" name="EdgeBrowserTest2" finished-at="2026-09-07T12:44:43 IST" duration-ms="1894" status="PASS">
          <reporter-output>
          </reporter-output>
        </test-method> <!-- EdgeBrowserTest2 -->
        <test-method signature="ChromeBrowserTest3()[pri:7, instance:CICDJenkinsAllure.JenkinsTestClass@3e8c3cb]" started-at="2026-09-07T12:44:43 IST" name="ChromeBrowserTest3" finished-at="2026-09-07T12:44:46 IST" duration-ms="3550" status="PASS">
          <reporter-output>
          </reporter-output>
        </test-method> <!-- ChromeBrowserTest3 -->
        <test-method signature="SafariBrowserTest3()[pri:8, instance:CICDJenkinsAllure.JenkinsTestClass@3e8c3cb]" started-at="2026-09-07T12:44:46 IST" name="SafariBrowserTest3" finished-at="2026-09-07T12:44:50 IST" duration-ms="3825" status="PASS">
          <reporter-output>
          </reporter-output>
        </test-method> <!-- SafariBrowserTest3 -->
        <test-method signature="EdgeBrowserTest3()[pri:9, instance:CICDJenkinsAllure.JenkinsTestClass@3e8c3cb]" started-at="2026-09-07T12:44:50 IST" name="EdgeBrowserTest3" finished-at="2026-09-07T12:45:01 IST" duration-ms="10691" status="PASS">
          <reporter-output>
          </reporter-output>
        </test-method> <!-- EdgeBrowserTest3 -->
        <test-method signature="ChromeBrowserTest4()[pri:10, instance:CICDJenkinsAllure.JenkinsTestClass@3e8c3cb]" started-at="2026-09-07T12:45:01 IST" name="ChromeBrowserTest4" finished-at="2026-09-07T12:45:03 IST" duration-ms="1904" status="PASS">
          <reporter-output>
          </reporter-output>
        </test-method> <!-- ChromeBrowserTest4 -->
      </class> <!-- CICDJenkinsAllure.JenkinsTestClass -->
    </test> <!-- Default test -->
  </suite> <!-- Default suite -->
</testng-results>
