<?xml version="1.0" encoding="UTF-8"?>
<!-- Generated by org.testng.reporters.JUnitXMLReporter -->
<testsuite ignored="0" hostname="DESKTOP-9AHL2RJ" failures="0" tests="3" name="Default test" time="35.017" errors="0" timestamp="2026-09-07T13:11:51 IST">
  <testcase classname="webDriverCommands.NavigationCommands" name="NavigationDemo" time="3.174"/>
  <testcase classname="webDriverCommands.NavigationCommands" name="NavigateBackDemo" time="10.904"/>
  <testcase classname="webDriverCommands.NavigationCommands" name="NavigateFOrward" time="20.799"/>
</testsuite> <!-- Default test -->
