<?xml version="1.0" encoding="UTF-8"?>
<testng-results ignored="0" total="1" passed="1" failed="0" skipped="0">
  <reporter-output>
  </reporter-output>
  <suite started-at="2026-09-10T10:07:39 IST" name="Default suite" finished-at="2026-09-10T10:08:10 IST" duration-ms="31012">
    <groups>
    </groups>
    <test started-at="2026-09-10T10:07:39 IST" name="Default test" finished-at="2026-09-10T10:08:10 IST" duration-ms="31012">
      <class name="dropdownlist.Testingdropdownlist">
        <test-method is-config="true" signature="setup()[pri:0, instance:dropdownlist.Testingdropdownlist@1ea9f6af]" started-at="2026-09-10T10:07:39 IST" name="setup" finished-at="2026-09-10T10:07:49 IST" duration-ms="9458" status="PASS">
          <reporter-output>
          </reporter-output>
        </test-method> <!-- setup -->
        <test-method signature="DropDownList()[pri:0, instance:dropdownlist.Testingdropdownlist@1ea9f6af]" started-at="2026-09-10T10:07:49 IST" name="DropDownList" finished-at="2026-09-10T10:08:10 IST" duration-ms="20984" status="PASS">
          <reporter-output>
          </reporter-output>
        </test-method> <!-- DropDownList -->
        <test-method is-config="true" signature="tearDown()[pri:0, instance:dropdownlist.Testingdropdownlist@1ea9f6af]" started-at="2026-09-10T10:08:10 IST" name="tearDown" finished-at="2026-09-10T10:08:10 IST" duration-ms="496" status="PASS">
          <reporter-output>
          </reporter-output>
        </test-method> <!-- tearDown -->
      </class> <!-- dropdownlist.Testingdropdownlist -->
    </test> <!-- Default test -->
  </suite> <!-- Default suite -->
</testng-results>
