<?xml version="1.0" encoding="UTF-8"?>
<!-- Generated by org.testng.reporters.JUnitXMLReporter -->
<testsuite ignored="0" hostname="DESKTOP-9AHL2RJ" failures="0" tests="10" name="Default test" time="34.151" errors="0" timestamp="2026-09-07T11:47:52 IST">
  <testcase classname="SeleniumPackage.BrowserCommands" name="ChromeBrowserTest" time="5.95"/>
  <testcase classname="SeleniumPackage.BrowserCommands" name="SafariBrowserTest" time="4.79"/>
  <testcase classname="SeleniumPackage.BrowserCommands" name="EdgeBrowserTest" time="5.09"/>
  <testcase classname="SeleniumPackage.BrowserCommands" name="ChromeBrowserTest2" time="2.049"/>
  <testcase classname="SeleniumPackage.BrowserCommands" name="SafariBrowserTest2" time="1.893"/>
  <testcase classname="SeleniumPackage.BrowserCommands" name="EdgeBrowserTest2" time="1.941"/>
  <testcase classname="SeleniumPackage.BrowserCommands" name="ChromeBrowserTest3" time="3.057"/>
  <testcase classname="SeleniumPackage.BrowserCommands" name="SafariBrowserTest3" time="3.444"/>
  <testcase classname="SeleniumPackage.BrowserCommands" name="EdgeBrowserTest3" time="4.103"/>
  <testcase classname="SeleniumPackage.BrowserCommands" name="ChromeBrowserTest4" time="1.657"/>
</testsuite> <!-- Default test -->
