<?xml version="1.0" encoding="UTF-8"?>
<testng-results ignored="0" total="1" passed="1" failed="0" skipped="0">
  <reporter-output>
  </reporter-output>
  <suite started-at="2026-09-09T11:32:47 IST" name="Default suite" finished-at="2026-09-09T11:33:21 IST" duration-ms="33296">
    <groups>
    </groups>
    <test started-at="2026-09-09T11:32:47 IST" name="Default test" finished-at="2026-09-09T11:33:21 IST" duration-ms="33296">
      <class name="multipleframes.multipleframes">
        <test-method signature="Frames()[pri:0, instance:multipleframes.multipleframes@26d9b808]" started-at="2026-09-09T11:32:47 IST" name="Frames" finished-at="2026-09-09T11:33:21 IST" duration-ms="33132" status="PASS">
          <reporter-output>
          </reporter-output>
        </test-method> <!-- Frames -->
      </class> <!-- multipleframes.multipleframes -->
    </test> <!-- Default test -->
  </suite> <!-- Default suite -->
</testng-results>
