<?xml version="1.0" encoding="UTF-8"?>
<!-- Generated by org.testng.reporters.JUnitXMLReporter -->
<testsuite ignored="0" hostname="DESKTOP-9AHL2RJ" failures="0" tests="3" name="Default test" time="107.474" errors="0" timestamp="2026-09-07T09:54:35 IST">
  <testcase classname="seleniumWebDriver.LaunchDifferentBrowsers" name="ChromeBrowser" time="18.799"/>
  <testcase classname="seleniumWebDriver.LaunchDifferentBrowsers" name="EdgeBrowser" time="5.795"/>
  <testcase classname="seleniumWebDriver.LaunchDifferentBrowsers" name="FirefoxBrowser" time="82.764"/>
</testsuite> <!-- Default test -->
