<?xml version="1.0" encoding="UTF-8"?>
<testng-results ignored="0" total="1" passed="1" failed="0" skipped="0">
  <reporter-output>
  </reporter-output>
  <suite started-at="2026-09-12T21:02:55 IST" name="Default suite" finished-at="2026-09-12T21:03:09 IST" duration-ms="14138">
    <groups>
    </groups>
    <test started-at="2026-09-12T21:02:55 IST" name="Default test" finished-at="2026-09-12T21:03:09 IST" duration-ms="14138">
      <class name="com.Jotform.TestCases.LoginJotform">
        <test-method is-config="true" signature="SetUp()[pri:0, instance:com.Jotform.TestCases.LoginJotform@21be3395]" started-at="2026-09-12T21:02:54 IST" name="SetUp" finished-at="2026-09-12T21:02:55 IST" duration-ms="568" status="PASS">
          <reporter-output>
          </reporter-output>
        </test-method> <!-- SetUp -->
        <test-method is-config="true" signature="BrowserTest()[pri:0, instance:com.Jotform.TestCases.LoginJotform@21be3395]" started-at="2026-09-12T21:02:55 IST" name="BrowserTest" finished-at="2026-09-12T21:03:01 IST" duration-ms="6643" status="PASS">
          <reporter-output>
          </reporter-output>
        </test-method> <!-- BrowserTest -->
        <test-method signature="loginApp()[pri:0, instance:com.Jotform.TestCases.LoginJotform@21be3395]" started-at="2026-09-12T21:03:01 IST" name="loginApp" finished-at="2026-09-12T21:03:07 IST" duration-ms="5851" status="PASS">
          <reporter-output>
          </reporter-output>
        </test-method> <!-- loginApp -->
        <test-method is-config="true" signature="tearDownMethod(org.testng.ITestResult)[pri:0, instance:com.Jotform.TestCases.LoginJotform@21be3395]" started-at="2026-09-12T21:03:08 IST" name="tearDownMethod" finished-at="2026-09-12T21:03:08 IST" duration-ms="15" status="PASS">
          <params>
            <param index="0">
              <value>
                <![CDATA[[TestResult name=loginApp status=SUCCESS method=LoginJotform.loginApp()[pri:0, instance:com.Jotform.TestCases.LoginJotform@21be3395] output={null}]]]>
              </value>
            </param>
          </params>
          <reporter-output>
          </reporter-output>
        </test-method> <!-- tearDownMethod -->
        <test-method is-config="true" signature="teardown()[pri:0, instance:com.Jotform.TestCases.LoginJotform@21be3395]" started-at="2026-09-12T21:03:08 IST" name="teardown" finished-at="2026-09-12T21:03:09 IST" duration-ms="1142" status="PASS">
          <reporter-output>
          </reporter-output>
        </test-method> <!-- teardown -->
      </class> <!-- com.Jotform.TestCases.LoginJotform -->
    </test> <!-- Default test -->
  </suite> <!-- Default suite -->
</testng-results>
