<?xml version="1.0" encoding="UTF-8"?>
<testng-results ignored="0" total="10" passed="10" failed="0" skipped="0">
  <reporter-output>
  </reporter-output>
  <suite started-at="2026-09-07T11:47:17 IST" name="Default suite" finished-at="2026-09-07T11:47:52 IST" duration-ms="34151">
    <groups>
    </groups>
    <test started-at="2026-09-07T11:47:17 IST" name="Default test" finished-at="2026-09-07T11:47:52 IST" duration-ms="34151">
      <class name="SeleniumPackage.BrowserCommands">
        <test-method signature="ChromeBrowserTest()[pri:1, instance:SeleniumPackage.BrowserCommands@1500b2f3]" started-at="2026-09-07T11:47:17 IST" name="ChromeBrowserTest" finished-at="2026-09-07T11:47:23 IST" duration-ms="5950" status="PASS">
          <reporter-output>
          </reporter-output>
        </test-method> <!-- ChromeBrowserTest -->
        <test-method signature="SafariBrowserTest()[pri:2, instance:SeleniumPackage.BrowserCommands@1500b2f3]" started-at="2026-09-07T11:47:24 IST" name="SafariBrowserTest" finished-at="2026-09-07T11:47:28 IST" duration-ms="4790" status="PASS">
          <reporter-output>
          </reporter-output>
        </test-method> <!-- SafariBrowserTest -->
        <test-method signature="EdgeBrowserTest()[pri:3, instance:SeleniumPackage.BrowserCommands@1500b2f3]" started-at="2026-09-07T11:47:28 IST" name="EdgeBrowserTest" finished-at="2026-09-07T11:47:33 IST" duration-ms="5090" status="PASS">
          <reporter-output>
          </reporter-output>
        </test-method> <!-- EdgeBrowserTest -->
        <test-method signature="ChromeBrowserTest2()[pri:4, instance:SeleniumPackage.BrowserCommands@1500b2f3]" started-at="2026-09-07T11:47:33 IST" name="ChromeBrowserTest2" finished-at="2026-09-07T11:47:35 IST" duration-ms="2049" status="PASS">
          <reporter-output>
          </reporter-output>
        </test-method> <!-- ChromeBrowserTest2 -->
        <test-method signature="SafariBrowserTest2()[pri:5, instance:SeleniumPackage.BrowserCommands@1500b2f3]" started-at="2026-09-07T11:47:35 IST" name="SafariBrowserTest2" finished-at="2026-09-07T11:47:37 IST" duration-ms="1893" status="PASS">
          <reporter-output>
          </reporter-output>
        </test-method> <!-- SafariBrowserTest2 -->
        <test-method signature="EdgeBrowserTest2()[pri:6, instance:SeleniumPackage.BrowserCommands@1500b2f3]" started-at="2026-09-07T11:47:37 IST" name="EdgeBrowserTest2" finished-at="2026-09-07T11:47:39 IST" duration-ms="1941" status="PASS">
          <reporter-output>
          </reporter-output>
        </test-method> <!-- EdgeBrowserTest2 -->
        <test-method signature="ChromeBrowserTest3()[pri:7, instance:SeleniumPackage.BrowserCommands@1500b2f3]" started-at="2026-09-07T11:47:39 IST" name="ChromeBrowserTest3" finished-at="2026-09-07T11:47:42 IST" duration-ms="3057" status="PASS">
          <reporter-output>
          </reporter-output>
        </test-method> <!-- ChromeBrowserTest3 -->
        <test-method signature="SafariBrowserTest3()[pri:8, instance:SeleniumPackage.BrowserCommands@1500b2f3]" started-at="2026-09-07T11:47:42 IST" name="SafariBrowserTest3" finished-at="2026-09-07T11:47:46 IST" duration-ms="3444" status="PASS">
          <reporter-output>
          </reporter-output>
        </test-method> <!-- SafariBrowserTest3 -->
        <test-method signature="EdgeBrowserTest3()[pri:9, instance:SeleniumPackage.BrowserCommands@1500b2f3]" started-at="2026-09-07T11:47:46 IST" name="EdgeBrowserTest3" finished-at="2026-09-07T11:47:50 IST" duration-ms="4103" status="PASS">
          <reporter-output>
          </reporter-output>
        </test-method> <!-- EdgeBrowserTest3 -->
        <test-method signature="ChromeBrowserTest4()[pri:10, instance:SeleniumPackage.BrowserCommands@1500b2f3]" started-at="2026-09-07T11:47:50 IST" name="ChromeBrowserTest4" finished-at="2026-09-07T11:47:52 IST" duration-ms="1657" status="PASS">
          <reporter-output>
          </reporter-output>
        </test-method> <!-- ChromeBrowserTest4 -->
      </class> <!-- SeleniumPackage.BrowserCommands -->
    </test> <!-- Default test -->
  </suite> <!-- Default suite -->
</testng-results>
