<?xml version="1.0" encoding="UTF-8"?>
<testng-results ignored="0" total="1" passed="1" failed="0" skipped="0">
  <reporter-output>
  </reporter-output>
  <suite started-at="2026-09-10T10:46:28 IST" name="Default suite" finished-at="2026-09-10T10:46:34 IST" duration-ms="6358">
    <groups>
    </groups>
    <test started-at="2026-09-10T10:46:28 IST" name="Default test" finished-at="2026-09-10T10:46:34 IST" duration-ms="6358">
      <class name="radioButtons.RadioButton1">
        <test-method signature="TestRadioBtn()[pri:0, instance:radioButtons.RadioButton1@6a400542]" started-at="2026-09-10T10:46:28 IST" name="TestRadioBtn" finished-at="2026-09-10T10:46:34 IST" duration-ms="6324" status="PASS">
          <reporter-output>
          </reporter-output>
        </test-method> <!-- TestRadioBtn -->
      </class> <!-- radioButtons.RadioButton1 -->
    </test> <!-- Default test -->
  </suite> <!-- Default suite -->
</testng-results>
