<?xml version="1.0" encoding="UTF-8"?>
<!-- Generated by org.testng.reporters.JUnitReportReporter -->
<testsuite hostname="DESKTOP-9AHL2RJ" failures="0" tests="10" name="CICDJenkinsAllure.JenkinsTestClass" time="35.264" errors="0" timestamp="2026-09-07T12:45:03 IST" skipped="0">
  <testcase classname="CICDJenkinsAllure.JenkinsTestClass" name="ChromeBrowserTest" time="3.931"/>
  <testcase classname="CICDJenkinsAllure.JenkinsTestClass" name="SafariBrowserTest" time="2.297"/>
  <testcase classname="CICDJenkinsAllure.JenkinsTestClass" name="EdgeBrowserTest" time="3.256"/>
  <testcase classname="CICDJenkinsAllure.JenkinsTestClass" name="ChromeBrowserTest2" time="1.925"/>
  <testcase classname="CICDJenkinsAllure.JenkinsTestClass" name="SafariBrowserTest2" time="1.991"/>
  <testcase classname="CICDJenkinsAllure.JenkinsTestClass" name="EdgeBrowserTest2" time="1.894"/>
  <testcase classname="CICDJenkinsAllure.JenkinsTestClass" name="ChromeBrowserTest3" time="3.550"/>
  <testcase classname="CICDJenkinsAllure.JenkinsTestClass" name="SafariBrowserTest3" time="3.825"/>
  <testcase classname="CICDJenkinsAllure.JenkinsTestClass" name="EdgeBrowserTest3" time="10.691"/>
  <testcase classname="CICDJenkinsAllure.JenkinsTestClass" name="ChromeBrowserTest4" time="1.904"/>
</testsuite> <!-- CICDJenkinsAllure.JenkinsTestClass -->
