<?xml version="1.0" encoding="UTF-8"?>
<testng-results ignored="0" total="1" passed="1" failed="0" skipped="0">
  <reporter-output>
  </reporter-output>
  <suite started-at="2026-09-12T01:10:01 IST" name="Default suite" finished-at="2026-09-12T01:10:10 IST" duration-ms="9101">
    <groups>
    </groups>
    <test started-at="2026-09-12T01:10:01 IST" name="Default test" finished-at="2026-09-12T01:10:10 IST" duration-ms="9101">
      <class name="pageObjectModel.JotForm.TestCases.ExecuteJotForm">
        <test-method signature="TestValidLogin()[pri:0, instance:pageObjectModel.JotForm.TestCases.ExecuteJotForm@7a6d7e92]" started-at="2026-09-12T01:10:01 IST" name="TestValidLogin" finished-at="2026-09-12T01:10:10 IST" duration-ms="8795" status="PASS">
          <reporter-output>
          </reporter-output>
        </test-method> <!-- TestValidLogin -->
      </class> <!-- pageObjectModel.JotForm.TestCases.ExecuteJotForm -->
    </test> <!-- Default test -->
  </suite> <!-- Default suite -->
</testng-results>
